c:\users\20613\desktop\10.c++ primer plus\chapter08\08.07 strquote\x64\debug\vc143.pdb
c:\users\20613\desktop\10.c++ primer plus\chapter08\08.07 strquote\x64\debug\vc143.idb
c:\users\20613\desktop\10.c++ primer plus\chapter08\08.07 strquote\x64\debug\源.obj
c:\users\20613\desktop\10.c++ primer plus\chapter08\08.07 strquote\x64\debug\08.07 strquote.pdb
c:\users\20613\desktop\10.c++ primer plus\chapter08\08.07 strquote\x64\debug\08.07 strquote.tlog\cl.command.1.tlog
c:\users\20613\desktop\10.c++ primer plus\chapter08\08.07 strquote\x64\debug\08.07 strquote.tlog\cl.read.1.tlog
c:\users\20613\desktop\10.c++ primer plus\chapter08\08.07 strquote\x64\debug\08.07 strquote.tlog\cl.write.1.tlog
c:\users\20613\desktop\10.c++ primer plus\chapter08\08.07 strquote\x64\debug\08.07 strquote.tlog\link-cvtres.read.1.tlog
c:\users\20613\desktop\10.c++ primer plus\chapter08\08.07 strquote\x64\debug\08.07 strquote.tlog\link-cvtres.write.1.tlog
c:\users\20613\desktop\10.c++ primer plus\chapter08\08.07 strquote\x64\debug\08.07 strquote.tlog\link-rc.read.1.tlog
c:\users\20613\desktop\10.c++ primer plus\chapter08\08.07 strquote\x64\debug\08.07 strquote.tlog\link-rc.write.1.tlog
c:\users\20613\desktop\10.c++ primer plus\chapter08\08.07 strquote\x64\debug\08.07 strquote.tlog\link.1724-cvtres.read.1.tlog
c:\users\20613\desktop\10.c++ primer plus\chapter08\08.07 strquote\x64\debug\08.07 strquote.tlog\link.1724-cvtres.write.1.tlog
c:\users\20613\desktop\10.c++ primer plus\chapter08\08.07 strquote\x64\debug\08.07 strquote.tlog\link.1724-rc.read.1.tlog
c:\users\20613\desktop\10.c++ primer plus\chapter08\08.07 strquote\x64\debug\08.07 strquote.tlog\link.1724-rc.write.1.tlog
c:\users\20613\desktop\10.c++ primer plus\chapter08\08.07 strquote\x64\debug\08.07 strquote.tlog\link.1724.read.1.tlog
c:\users\20613\desktop\10.c++ primer plus\chapter08\08.07 strquote\x64\debug\08.07 strquote.tlog\link.1724.read.2.tlog
c:\users\20613\desktop\10.c++ primer plus\chapter08\08.07 strquote\x64\debug\08.07 strquote.tlog\link.1724.write.1.tlog
c:\users\20613\desktop\10.c++ primer plus\chapter08\08.07 strquote\x64\debug\08.07 strquote.tlog\link.command.1.tlog
c:\users\20613\desktop\10.c++ primer plus\chapter08\08.07 strquote\x64\debug\08.07 strquote.tlog\link.read.1.tlog
c:\users\20613\desktop\10.c++ primer plus\chapter08\08.07 strquote\x64\debug\08.07 strquote.tlog\link.read.2.tlog
c:\users\20613\desktop\10.c++ primer plus\chapter08\08.07 strquote\x64\debug\08.07 strquote.tlog\link.write.1.tlog
