  源.cpp
C:\Users\20613\Desktop\10.C++ Primer Plus\Chapter14\14.20 tempmemb\源.cpp(39,21): warning C4244: “return”: 从“V”转换到“U”，可能丢失数据
          with
          [
              V=double
          ]
          and
          [
              U=int
          ]
C:\Users\20613\Desktop\10.C++ Primer Plus\Chapter14\14.20 tempmemb\源.cpp(54): message : 查看对正在编译的函数 模板 实例化“U beta<double>::blab<int>(U,T)”的引用
          with
          [
              U=int,
              T=double
          ]
C:\Users\20613\Desktop\10.C++ Primer Plus\Chapter14\14.20 tempmemb\源.cpp(54): message : 查看对正在编译的函数 模板 实例化“U beta<double>::blab<int>(U,T)”的引用
          with
          [
              U=int,
              T=double
          ]
  14.20 tempmemb.vcxproj -> C:\Users\20613\Desktop\10.C++ Primer Plus\Chapter14\14.20 tempmemb\x64\Debug\14.20 tempmemb.exe
